LoggerAttributes:
RecordedSource:Meter:
ActiveLoggerChannels:4:
RecordSampling:Off:
VerticalRange:Medium:
VerticalNotation:Auto:
SampleRate:10 Samples/s:
SampleRateAsNum:10:
SamplesPerValue:1:
StartTime:2019,11,22,21,33,39,0:
StartTimeAsNum:1574458419000:
StopTime:2019,11,22,21,35,59,8:
StopTimeAsNum:1574458559800:
DurationTenthsOfSecond:9:
DurationSeconds:5:
DurationMinutes:2:
DurationHours:0:
DurationDays:0:
StartTimeTenthsOfSecond:0:
StartTimeSeconds:39:
StartTimeMinutes:33:
StartTimeHours:21:
StartDateDay:22:
StartDateMonth:11:
StartDateYear:2019:
RecordingTimeTenthsOfSecond:9:
RecordingTimeSeconds:59:
RecordingTimeMinutes:35:
RecordingTimeHours:21:
RecordingDateDay:22:
RecordingDateMonth:11:
RecordingDateYear:2019:
LoggerChannel:
ActiveIndex:0:
ArrayItem:Index:0
Enabled:On:
VerticalAutoScaling:On:
VerticalMean:-0.5:
VerticalDeviation:0.276:
VerticalNotation:Mean-Deviation:
CurrentSample:-0.5:
TMinimum:368:
TimeOfMin:2019,11,22,21,34,15,8:
Minimum:-0.600000023842:
TMaximum:110:
TimeOfMax:2019,11,22,21,33,50,0:
Maximum:-0.300000011921:
Average:-0.45623511076:
StdDeviation:0.051361076534:
MinimumPositionTimeTenthsOfSecond:8:
MinimumPositionTimeSeconds:15:
MinimumPositionTimeMinutes:34:
MinimumPositionTimeHours:21:
MinimumPositionDateDay:22:
MinimumPositionDateMonth:11:
MinimumPositionDateYear:2019:
MaximumPositionTimeTenthsOfSecond:0:
MaximumPositionTimeSeconds:50:
MaximumPositionTimeMinutes:33:
MaximumPositionTimeHours:21:
MaximumPositionDateDay:22:
MaximumPositionDateMonth:11:
MaximumPositionDateYear:2019:
LoggerChannelSource:
MeasUnit:V:
MeasUnitAsStr:V:
MeasTypeScope:Minimum:
MeasTypeCounter:Frequency:
MeasTypeMeter:DC:
MeasTypeAsStr:DC(C1):
MeasMinimum:-1e+26:
MeasMaximum:1e+26:
MeasSource1:C1:
MeasSource2:None:
Color:4294967040:
LoggerChannelScreenLayout:
LoggerCursorResults:
ActiveIndex:0:
ArrayItem:Index:0
ArrayItem:Index:1
LoggerCursorResultsDelta:
ArrayItem:Index:1
Enabled:On:
VerticalAutoScaling:On:
VerticalMean:1.43:
VerticalDeviation:0.1:
VerticalNotation:Mean-Deviation:
CurrentSample:1.460000038147:
TMinimum:359:
TimeOfMin:2019,11,22,21,34,14,9:
Minimum:1.389999985695:
TMaximum:296:
TimeOfMax:2019,11,22,21,34,08,6:
Maximum:1.5:
Average:1.427402734756:
StdDeviation:0.020680170506:
MinimumPositionTimeTenthsOfSecond:9:
MinimumPositionTimeSeconds:14:
MinimumPositionTimeMinutes:34:
MinimumPositionTimeHours:21:
MinimumPositionDateDay:22:
MinimumPositionDateMonth:11:
MinimumPositionDateYear:2019:
MaximumPositionTimeTenthsOfSecond:6:
MaximumPositionTimeSeconds:8:
MaximumPositionTimeMinutes:34:
MaximumPositionTimeHours:21:
MaximumPositionDateDay:22:
MaximumPositionDateMonth:11:
MaximumPositionDateYear:2019:
LoggerChannelSource:
MeasUnit:A:
MeasUnitAsStr:A:
MeasTypeScope:Minimum:
MeasTypeCounter:Frequency:
MeasTypeMeter:DC:
MeasTypeAsStr:DC(C2):
MeasMinimum:-1e+26:
MeasMaximum:1e+26:
MeasSource1:C2:
MeasSource2:None:
Color:4278255360:
LoggerChannelScreenLayout:
LoggerCursorResults:
ActiveIndex:0:
ArrayItem:Index:0
ArrayItem:Index:1
LoggerCursorResultsDelta:
ArrayItem:Index:2
Enabled:On:
VerticalAutoScaling:On:
VerticalMean:0.2:
VerticalDeviation:0.22:
VerticalNotation:Mean-Deviation:
CurrentSample:0.10000000149:
TMinimum:1:
TimeOfMin:2019,11,22,21,33,39,1:
Minimum:0.10000000149:
TMaximum:268:
TimeOfMax:2019,11,22,21,34,05,8:
Maximum:0.300000011921:
Average:0.182208105922:
StdDeviation:0.045649018139:
MinimumPositionTimeTenthsOfSecond:1:
MinimumPositionTimeSeconds:39:
MinimumPositionTimeMinutes:33:
MinimumPositionTimeHours:21:
MinimumPositionDateDay:22:
MinimumPositionDateMonth:11:
MinimumPositionDateYear:2019:
MaximumPositionTimeTenthsOfSecond:8:
MaximumPositionTimeSeconds:5:
MaximumPositionTimeMinutes:34:
MaximumPositionTimeHours:21:
MaximumPositionDateDay:22:
MaximumPositionDateMonth:11:
MaximumPositionDateYear:2019:
LoggerChannelSource:
MeasUnit:V:
MeasUnitAsStr:V:
MeasTypeScope:Minimum:
MeasTypeCounter:Frequency:
MeasTypeMeter:DC:
MeasTypeAsStr:DC(C3):
MeasMinimum:-1e+26:
MeasMaximum:1e+26:
MeasSource1:C3:
MeasSource2:None:
Color:4294926336:
LoggerChannelScreenLayout:
LoggerCursorResults:
ActiveIndex:0:
ArrayItem:Index:0
ArrayItem:Index:1
LoggerCursorResultsDelta:
ArrayItem:Index:3
Enabled:On:
VerticalAutoScaling:On:
VerticalMean:31.1:
VerticalDeviation:0.24:
VerticalNotation:Mean-Deviation:
CurrentSample:31.10000038147:
TMinimum:54:
TimeOfMin:2019,11,22,21,33,44,4:
Minimum:31:
TMaximum:1:
TimeOfMax:2019,11,22,21,33,39,1:
Maximum:31.200000762939:
Average:31.08784866333:
StdDeviation:0.05232353881:
MinimumPositionTimeTenthsOfSecond:4:
MinimumPositionTimeSeconds:44:
MinimumPositionTimeMinutes:33:
MinimumPositionTimeHours:21:
MinimumPositionDateDay:22:
MinimumPositionDateMonth:11:
MinimumPositionDateYear:2019:
MaximumPositionTimeTenthsOfSecond:1:
MaximumPositionTimeSeconds:39:
MaximumPositionTimeMinutes:33:
MaximumPositionTimeHours:21:
MaximumPositionDateDay:22:
MaximumPositionDateMonth:11:
MaximumPositionDateYear:2019:
LoggerChannelSource:
MeasUnit:V:
MeasUnitAsStr:V:
MeasTypeScope:Minimum:
MeasTypeCounter:Frequency:
MeasTypeMeter:DC:
MeasTypeAsStr:DC(C4):
MeasMinimum:-1e+26:
MeasMaximum:1e+26:
MeasSource1:C4:
MeasSource2:None:
Color:4278190335:
LoggerChannelScreenLayout:
LoggerCursorResults:
ActiveIndex:0:
ArrayItem:Index:0
ArrayItem:Index:1
LoggerCursorResultsDelta:
